0 info it worked if it ends with ok
1 verbose cli [ 'C:\\Program Files\\nodejs\\node.exe',
1 verbose cli   'C:\\Program Files\\nodejs\\node_modules\\npm\\bin\\npm-cli.js',
1 verbose cli   'run',
1 verbose cli   'share' ]
2 info using npm@3.10.10
3 info using node@v6.11.4
4 verbose run-script [ 'preshare', 'share', 'postshare' ]
5 info lifecycle javascript-development-environment@1.0.0~preshare: javascript-development-environment@1.0.0
6 silly lifecycle javascript-development-environment@1.0.0~preshare: no script for preshare, continuing
7 info lifecycle javascript-development-environment@1.0.0~share: javascript-development-environment@1.0.0
8 verbose lifecycle javascript-development-environment@1.0.0~share: unsafe-perm in lifecycle true
9 verbose lifecycle javascript-development-environment@1.0.0~share: PATH: C:\Program Files\nodejs\node_modules\npm\bin\node-gyp-bin;T:\Frontend\dev-environemnt\node_modules\.bin;C:\Users\John\bin;C:\Program Files\Git\mingw64\bin;C:\Program Files\Git\usr\local\bin;C:\Program Files\Git\usr\bin;C:\Program Files\Git\usr\bin;C:\Program Files\Git\mingw64\bin;C:\Program Files\Git\usr\bin;C:\Users\John\bin;C:\ProgramData\DockerDesktop\version-bin;C:\Program Files\Docker\Docker\Resources\bin;C:\Program Files\PHP\v7.3;C:\Program Files\Oculus\Support\oculus-runtime;C:\ProgramData\Oracle\Java\javapath;C:\Program Files (x86)\Razer Chroma SDK\bin;C:\Program Files\Razer Chroma SDK\bin;C:\Windows\system32;C:\Windows;C:\Windows\System32\Wbem;C:\Windows\System32\WindowsPowerShell\v1.0;C:\Program Files (x86)\NVIDIA Corporation\PhysX\Common;C:\WINDOWS\system32;C:\WINDOWS;C:\WINDOWS\System32\Wbem;C:\WINDOWS\System32\WindowsPowerShell\v1.0;C:\Program Files (x86)\PuTTY;G:\Program Files (x86)\DevDesktop\tools;C:\Program Files\nodejs;C:\WINDOWS\system32;C:\WINDOWS;C:\WINDOWS\System32\Wbem;C:\WINDOWS\System32\WindowsPowerShell\v1.0;C:\WINDOWS\System32\OpenSSH;C:\Program Files\NVIDIA Corporation\NVIDIA NvDLISR;C:\HashiCorp\Vagrant\bin;C:\Program Files\Microsoft\Web Platform Installer;C:\Users\John\AppData\Local\Microsoft\WindowsApps;C:\Users\John\AppData\Local\atom\bin;C:\Users\John\AppData\Local\Microsoft\WindowsApps;C:\Users\John\AppData\Roaming\npm;C:\Program Files\Microsoft VS Code\bin;C:\composer;C:\Users\John\AppData\Roaming\Composer\vendor\bin;M:\Program Files\Lando\bin;C:\Program Files\Git\usr\bin\vendor_perl;C:\Program Files\Git\usr\bin\core_perl
10 verbose lifecycle javascript-development-environment@1.0.0~share: CWD: T:\Frontend\dev-environemnt
11 silly lifecycle javascript-development-environment@1.0.0~share: Args: [ '/d /s /c', 'npm-run-all --parallel open:src localtunnel' ]
12 silly lifecycle javascript-development-environment@1.0.0~share: Returned: code: 1  signal: null
13 info lifecycle javascript-development-environment@1.0.0~share: Failed to exec share script
14 verbose stack Error: javascript-development-environment@1.0.0 share: `npm-run-all --parallel open:src localtunnel`
14 verbose stack Exit status 1
14 verbose stack     at EventEmitter.<anonymous> (C:\Program Files\nodejs\node_modules\npm\lib\utils\lifecycle.js:255:16)
14 verbose stack     at emitTwo (events.js:106:13)
14 verbose stack     at EventEmitter.emit (events.js:191:7)
14 verbose stack     at ChildProcess.<anonymous> (C:\Program Files\nodejs\node_modules\npm\lib\utils\spawn.js:40:14)
14 verbose stack     at emitTwo (events.js:106:13)
14 verbose stack     at ChildProcess.emit (events.js:191:7)
14 verbose stack     at maybeClose (internal/child_process.js:920:16)
14 verbose stack     at Process.ChildProcess._handle.onexit (internal/child_process.js:230:5)
15 verbose pkgid javascript-development-environment@1.0.0
16 verbose cwd T:\Frontend\dev-environemnt
17 error Windows_NT 10.0.18362
18 error argv "C:\\Program Files\\nodejs\\node.exe" "C:\\Program Files\\nodejs\\node_modules\\npm\\bin\\npm-cli.js" "run" "share"
19 error node v6.11.4
20 error npm  v3.10.10
21 error code ELIFECYCLE
22 error javascript-development-environment@1.0.0 share: `npm-run-all --parallel open:src localtunnel`
22 error Exit status 1
23 error Failed at the javascript-development-environment@1.0.0 share script 'npm-run-all --parallel open:src localtunnel'.
23 error Make sure you have the latest version of node.js and npm installed.
23 error If you do, this is most likely a problem with the javascript-development-environment package,
23 error not with npm itself.
23 error Tell the author that this fails on your system:
23 error     npm-run-all --parallel open:src localtunnel
23 error You can get information on how to open an issue for this project with:
23 error     npm bugs javascript-development-environment
23 error Or if that isn't available, you can get their info via:
23 error     npm owner ls javascript-development-environment
23 error There is likely additional logging output above.
24 verbose exit [ 1, true ]
